<?xml version="1.0" encoding="UTF-8"?>
<!-- Generated by org.testng.reporters.JUnitReportReporter -->
<testsuite hostname="Mac-mini" failures="0" tests="2" name="TestCases.parallelTestTask" time="12.073" errors="0" timestamp="2021-12-09T21:44:49 EST" skipped="0">
  <testcase classname="TestCases.parallelTestTask" name="method2" time="6.012"/>
  <system-out/>
  <testcase classname="TestCases.parallelTestTask" name="method1" time="6.061"/>
  <system-out/>
</testsuite> <!-- TestCases.parallelTestTask -->
