<?xml version="1.0" encoding="UTF-8"?>
<!-- Generated by org.testng.reporters.JUnitReportReporter -->
<testsuite hostname="Mac-mini" failures="0" tests="1" name="TestCases.amazonTest123" time="25.684" errors="0" timestamp="2021-12-11T13:58:45 EST" skipped="0">
  <testcase classname="TestCases.amazonTest123" name="amazonTest" time="25.684"/>
  <system-out/>
</testsuite> <!-- TestCases.amazonTest123 -->
