<?xml version="1.0" encoding="UTF-8"?>
<!-- Generated by org.testng.reporters.JUnitReportReporter -->
<testsuite hostname="Mac-mini" failures="0" tests="1" name="TestCases.parameterTest" time="0.009" errors="0" timestamp="2021-12-09T21:18:39 EST" skipped="0">
  <testcase classname="TestCases.parameterTest" name="parameterTest" time="0.009"/>
  <system-out/>
</testsuite> <!-- TestCases.parameterTest -->
