<?xml version="1.0" encoding="UTF-8"?>
<!-- Generated by org.testng.reporters.JUnitReportReporter -->
<testsuite hostname="Shafkats-MBP" failures="0" tests="1" name="TestCases.orangeHRMTestCase" time="5.640" errors="0" timestamp="2021-12-29T21:13:54 EST" skipped="0">
  <testcase classname="TestCases.orangeHRMTestCase" name="loginToHRM" time="5.640"/>
  <system-out/>
</testsuite> <!-- TestCases.orangeHRMTestCase -->
