<?xml version="1.0" encoding="UTF-8"?>
<!-- Generated by org.testng.reporters.JUnitReportReporter -->
<testsuite hostname="Mac-mini" failures="0" tests="2" name="TestCases.iFrame" time="0.009" errors="0" timestamp="2021-12-09T20:26:49 EST" skipped="1">
  <testcase classname="TestCases.iFrame" name="iframeTest2" time="0.009"/>
  <system-out/>
  <testcase classname="TestCases.iFrame" name="iframetest1">
    <skipped/>
  </testcase> <!-- iframetest1 -->
  <system-out/>
</testsuite> <!-- TestCases.iFrame -->
