<?xml version="1.0" encoding="UTF-8"?>
<!-- Generated by org.testng.reporters.JUnitReportReporter -->
<testsuite hostname="Mac-mini" failures="0" tests="6" name="TestCases.dataProviderTest" time="0.023" errors="0" timestamp="2021-12-09T21:28:58 EST" skipped="0">
  <testcase classname="TestCases.dataProviderTest" name="testPrimeNumberChecker" time="0.002"/>
  <system-out/>
  <testcase classname="TestCases.dataProviderTest" name="testPrimeNumberChecker" time="0.002"/>
  <system-out/>
  <testcase classname="TestCases.dataProviderTest" name="testPrimeNumberChecker" time="0.008"/>
  <system-out/>
  <testcase classname="TestCases.dataProviderTest" name="testPrimeNumberChecker" time="0.002"/>
  <system-out/>
  <testcase classname="TestCases.dataProviderTest" name="testPrimeNumberChecker" time="0.007"/>
  <system-out/>
  <testcase classname="TestCases.dataProviderTest" name="testPrimeNumberChecker" time="0.002"/>
  <system-out/>
</testsuite> <!-- TestCases.dataProviderTest -->
