<?xml version="1.0" encoding="UTF-8"?>
<!-- Generated by org.testng.reporters.JUnitReportReporter -->
<testsuite hostname="Mac-mini" failures="0" tests="5" name="TestCases.TestNG_AnnotationTasks" time="0.025" errors="0" timestamp="2021-12-10T20:30:31 EST" skipped="0">
  <testcase classname="TestCases.TestNG_AnnotationTasks" name="Apal" time="0.007"/>
  <system-out/>
  <testcase classname="TestCases.TestNG_AnnotationTasks" name="Hannah" time="0.002"/>
  <system-out/>
  <testcase classname="TestCases.TestNG_AnnotationTasks" name="Ariuna" time="0.002"/>
  <system-out/>
  <testcase classname="TestCases.TestNG_AnnotationTasks" name="Darima" time="0.011"/>
  <system-out/>
  <testcase classname="TestCases.TestNG_AnnotationTasks" name="Dina" time="0.003"/>
  <system-out/>
</testsuite> <!-- TestCases.TestNG_AnnotationTasks -->
